[2022-10-11 05:40:50,071] {taskinstance.py:1032} INFO - Dependencies all met for <TaskInstance: weekly_batch.download_dataset_task manual__2022-10-11T05:40:48.726616+00:00 [queued]>
[2022-10-11 05:40:50,082] {taskinstance.py:1032} INFO - Dependencies all met for <TaskInstance: weekly_batch.download_dataset_task manual__2022-10-11T05:40:48.726616+00:00 [queued]>
[2022-10-11 05:40:50,083] {taskinstance.py:1238} INFO - 
--------------------------------------------------------------------------------
[2022-10-11 05:40:50,083] {taskinstance.py:1239} INFO - Starting attempt 1 of 2
[2022-10-11 05:40:50,083] {taskinstance.py:1240} INFO - 
--------------------------------------------------------------------------------
[2022-10-11 05:40:50,099] {taskinstance.py:1259} INFO - Executing <Task(BashOperator): download_dataset_task> on 2022-10-11 05:40:48.726616+00:00
[2022-10-11 05:40:50,104] {standard_task_runner.py:52} INFO - Started process 1877 to run task
[2022-10-11 05:40:50,107] {standard_task_runner.py:76} INFO - Running: ['***', 'tasks', 'run', 'weekly_batch', 'download_dataset_task', 'manual__2022-10-11T05:40:48.726616+00:00', '--job-id', '74', '--raw', '--subdir', 'DAGS_FOLDER/bank_weekly_ingest_dag.py', '--cfg-path', '/tmp/tmpmdz_q1vg', '--error-file', '/tmp/tmpqq2o7irf']
[2022-10-11 05:40:50,108] {standard_task_runner.py:77} INFO - Job 74: Subtask download_dataset_task
[2022-10-11 05:40:50,154] {logging_mixin.py:109} INFO - Running <TaskInstance: weekly_batch.download_dataset_task manual__2022-10-11T05:40:48.726616+00:00 [running]> on host 6caab34727ce
[2022-10-11 05:40:50,206] {taskinstance.py:1426} INFO - Exporting the following env vars:
AIRFLOW_CTX_DAG_OWNER=***
AIRFLOW_CTX_DAG_ID=weekly_batch
AIRFLOW_CTX_TASK_ID=download_dataset_task
AIRFLOW_CTX_EXECUTION_DATE=2022-10-11T05:40:48.726616+00:00
AIRFLOW_CTX_DAG_RUN_ID=manual__2022-10-11T05:40:48.726616+00:00
[2022-10-11 05:40:50,207] {subprocess.py:62} INFO - Tmp dir root location: 
 /tmp
[2022-10-11 05:40:50,208] {subprocess.py:74} INFO - Running command: ['bash', '-c', 'curl -sSL https://storage.cloud.google.com/wfwijaya-fellowship/bank-additional-full.csv > /home/***//bank-additional-full.csv']
[2022-10-11 05:40:50,224] {subprocess.py:85} INFO - Output:
[2022-10-11 05:40:51,065] {subprocess.py:93} INFO - Command exited with return code 0
[2022-10-11 05:40:51,094] {taskinstance.py:1277} INFO - Marking task as SUCCESS. dag_id=weekly_batch, task_id=download_dataset_task, execution_date=20221011T054048, start_date=20221011T054050, end_date=20221011T054051
[2022-10-11 05:40:51,128] {local_task_job.py:154} INFO - Task exited with return code 0
[2022-10-11 05:40:51,170] {local_task_job.py:264} INFO - 1 downstream tasks scheduled from follow-on schedule check
