[2022-10-11 04:20:57,493] {taskinstance.py:1032} INFO - Dependencies all met for <TaskInstance: AddGCPConnection.add_gcp_connection_python scheduled__2020-05-09T00:00:00+00:00 [queued]>
[2022-10-11 04:20:57,529] {taskinstance.py:1032} INFO - Dependencies all met for <TaskInstance: AddGCPConnection.add_gcp_connection_python scheduled__2020-05-09T00:00:00+00:00 [queued]>
[2022-10-11 04:20:57,536] {taskinstance.py:1238} INFO - 
--------------------------------------------------------------------------------
[2022-10-11 04:20:57,537] {taskinstance.py:1239} INFO - Starting attempt 1 of 4
[2022-10-11 04:20:57,538] {taskinstance.py:1240} INFO - 
--------------------------------------------------------------------------------
[2022-10-11 04:20:57,579] {taskinstance.py:1259} INFO - Executing <Task(PythonOperator): add_gcp_connection_python> on 2020-05-09 00:00:00+00:00
[2022-10-11 04:20:57,593] {standard_task_runner.py:52} INFO - Started process 90 to run task
[2022-10-11 04:20:57,596] {standard_task_runner.py:76} INFO - Running: ['***', 'tasks', 'run', 'AddGCPConnection', 'add_gcp_connection_python', 'scheduled__2020-05-09T00:00:00+00:00', '--job-id', '48', '--raw', '--subdir', 'DAGS_FOLDER/***_gcp_conn_dag.py', '--cfg-path', '/tmp/tmpnsrb36mc', '--error-file', '/tmp/tmpigoqa92s']
[2022-10-11 04:20:57,602] {standard_task_runner.py:77} INFO - Job 48: Subtask add_gcp_connection_python
[2022-10-11 04:20:57,758] {logging_mixin.py:109} INFO - Running <TaskInstance: AddGCPConnection.add_gcp_connection_python scheduled__2020-05-09T00:00:00+00:00 [running]> on host 933c1b7f35a4
[2022-10-11 04:20:57,986] {taskinstance.py:1426} INFO - Exporting the following env vars:
AIRFLOW_CTX_DAG_EMAIL=***@***.com
AIRFLOW_CTX_DAG_OWNER=***
AIRFLOW_CTX_DAG_ID=AddGCPConnection
AIRFLOW_CTX_TASK_ID=add_gcp_connection_python
AIRFLOW_CTX_EXECUTION_DATE=2020-05-09T00:00:00+00:00
AIRFLOW_CTX_DAG_RUN_ID=scheduled__2020-05-09T00:00:00+00:00
[2022-10-11 04:20:58,036] {warnings.py:110} WARNING - /home/***/.local/lib/python3.7/site-packages/***/utils/context.py:152: AirflowContextDeprecationWarning: Accessing 'execution_date' from the template is deprecated and will be removed in a future version. Please use 'data_interval_start' or 'logical_date' instead.
  warnings.warn(_create_deprecation_warning(key, self._deprecation_replacements[key]))

[2022-10-11 04:20:58,044] {warnings.py:110} WARNING - /home/***/.local/lib/python3.7/site-packages/***/utils/context.py:152: AirflowContextDeprecationWarning: Accessing 'next_ds' from the template is deprecated and will be removed in a future version. Please use '{{ data_interval_end | ds }}' instead.
  warnings.warn(_create_deprecation_warning(key, self._deprecation_replacements[key]))

[2022-10-11 04:20:58,051] {warnings.py:110} WARNING - /home/***/.local/lib/python3.7/site-packages/***/utils/context.py:152: AirflowContextDeprecationWarning: Accessing 'next_ds_nodash' from the template is deprecated and will be removed in a future version. Please use '{{ data_interval_end | ds_nodash }}' instead.
  warnings.warn(_create_deprecation_warning(key, self._deprecation_replacements[key]))

[2022-10-11 04:20:58,052] {warnings.py:110} WARNING - /home/***/.local/lib/python3.7/site-packages/***/utils/context.py:152: AirflowContextDeprecationWarning: Accessing 'next_execution_date' from the template is deprecated and will be removed in a future version. Please use 'data_interval_end' instead.
  warnings.warn(_create_deprecation_warning(key, self._deprecation_replacements[key]))

[2022-10-11 04:20:58,057] {warnings.py:110} WARNING - /home/***/.local/lib/python3.7/site-packages/***/utils/context.py:152: AirflowContextDeprecationWarning: Accessing 'prev_ds' from the template is deprecated and will be removed in a future version.
  warnings.warn(_create_deprecation_warning(key, self._deprecation_replacements[key]))

[2022-10-11 04:20:58,065] {warnings.py:110} WARNING - /home/***/.local/lib/python3.7/site-packages/***/utils/context.py:152: AirflowContextDeprecationWarning: Accessing 'prev_ds_nodash' from the template is deprecated and will be removed in a future version.
  warnings.warn(_create_deprecation_warning(key, self._deprecation_replacements[key]))

[2022-10-11 04:20:58,075] {warnings.py:110} WARNING - /home/***/.local/lib/python3.7/site-packages/***/utils/context.py:152: AirflowContextDeprecationWarning: Accessing 'prev_execution_date' from the template is deprecated and will be removed in a future version.
  warnings.warn(_create_deprecation_warning(key, self._deprecation_replacements[key]))

[2022-10-11 04:20:58,076] {warnings.py:110} WARNING - /home/***/.local/lib/python3.7/site-packages/***/utils/context.py:152: AirflowContextDeprecationWarning: Accessing 'prev_execution_date_success' from the template is deprecated and will be removed in a future version. Please use 'prev_data_interval_start_success' instead.
  warnings.warn(_create_deprecation_warning(key, self._deprecation_replacements[key]))

[2022-10-11 04:20:58,091] {warnings.py:110} WARNING - /home/***/.local/lib/python3.7/site-packages/***/utils/context.py:152: AirflowContextDeprecationWarning: Accessing 'tomorrow_ds' from the template is deprecated and will be removed in a future version.
  warnings.warn(_create_deprecation_warning(key, self._deprecation_replacements[key]))

[2022-10-11 04:20:58,093] {warnings.py:110} WARNING - /home/***/.local/lib/python3.7/site-packages/***/utils/context.py:152: AirflowContextDeprecationWarning: Accessing 'tomorrow_ds_nodash' from the template is deprecated and will be removed in a future version.
  warnings.warn(_create_deprecation_warning(key, self._deprecation_replacements[key]))

[2022-10-11 04:20:58,103] {warnings.py:110} WARNING - /home/***/.local/lib/python3.7/site-packages/***/utils/context.py:152: AirflowContextDeprecationWarning: Accessing 'yesterday_ds' from the template is deprecated and will be removed in a future version.
  warnings.warn(_create_deprecation_warning(key, self._deprecation_replacements[key]))

[2022-10-11 04:20:58,135] {warnings.py:110} WARNING - /home/***/.local/lib/python3.7/site-packages/***/utils/context.py:152: AirflowContextDeprecationWarning: Accessing 'yesterday_ds_nodash' from the template is deprecated and will be removed in a future version.
  warnings.warn(_create_deprecation_warning(key, self._deprecation_replacements[key]))

[2022-10-11 04:20:58,282] {crypto.py:82} WARNING - empty cryptography key - values will not be stored encrypted.
[2022-10-11 04:20:58,300] {python.py:175} INFO - Done. Returned value was: None
[2022-10-11 04:20:58,333] {taskinstance.py:1277} INFO - Marking task as SUCCESS. dag_id=AddGCPConnection, task_id=add_gcp_connection_python, execution_date=20200509T000000, start_date=20221011T042057, end_date=20221011T042058
[2022-10-11 04:20:58,532] {local_task_job.py:154} INFO - Task exited with return code 0
[2022-10-11 04:20:59,027] {local_task_job.py:264} INFO - 0 downstream tasks scheduled from follow-on schedule check
[2022-10-11 05:14:33,832] {taskinstance.py:1032} INFO - Dependencies all met for <TaskInstance: AddGCPConnection.add_gcp_connection_python scheduled__2020-05-09T00:00:00+00:00 [queued]>
[2022-10-11 05:14:33,848] {taskinstance.py:1032} INFO - Dependencies all met for <TaskInstance: AddGCPConnection.add_gcp_connection_python scheduled__2020-05-09T00:00:00+00:00 [queued]>
[2022-10-11 05:14:33,849] {taskinstance.py:1238} INFO - 
--------------------------------------------------------------------------------
[2022-10-11 05:14:33,849] {taskinstance.py:1239} INFO - Starting attempt 1 of 4
[2022-10-11 05:14:33,849] {taskinstance.py:1240} INFO - 
--------------------------------------------------------------------------------
[2022-10-11 05:14:33,865] {taskinstance.py:1259} INFO - Executing <Task(PythonOperator): add_gcp_connection_python> on 2020-05-09 00:00:00+00:00
[2022-10-11 05:14:33,869] {standard_task_runner.py:52} INFO - Started process 721 to run task
[2022-10-11 05:14:33,872] {standard_task_runner.py:76} INFO - Running: ['***', 'tasks', 'run', 'AddGCPConnection', 'add_gcp_connection_python', 'scheduled__2020-05-09T00:00:00+00:00', '--job-id', '65', '--raw', '--subdir', 'DAGS_FOLDER/***_gcp_conn_dag.py', '--cfg-path', '/tmp/tmpx2pam_c6', '--error-file', '/tmp/tmpktzphd7v']
[2022-10-11 05:14:33,874] {standard_task_runner.py:77} INFO - Job 65: Subtask add_gcp_connection_python
[2022-10-11 05:14:33,927] {logging_mixin.py:109} INFO - Running <TaskInstance: AddGCPConnection.add_gcp_connection_python scheduled__2020-05-09T00:00:00+00:00 [running]> on host 6caab34727ce
[2022-10-11 05:14:33,996] {taskinstance.py:1426} INFO - Exporting the following env vars:
AIRFLOW_CTX_DAG_EMAIL=***@***.com
AIRFLOW_CTX_DAG_OWNER=***
AIRFLOW_CTX_DAG_ID=AddGCPConnection
AIRFLOW_CTX_TASK_ID=add_gcp_connection_python
AIRFLOW_CTX_EXECUTION_DATE=2020-05-09T00:00:00+00:00
AIRFLOW_CTX_DAG_RUN_ID=scheduled__2020-05-09T00:00:00+00:00
[2022-10-11 05:14:33,998] {warnings.py:110} WARNING - /home/***/.local/lib/python3.7/site-packages/***/utils/context.py:152: AirflowContextDeprecationWarning: Accessing 'execution_date' from the template is deprecated and will be removed in a future version. Please use 'data_interval_start' or 'logical_date' instead.
  warnings.warn(_create_deprecation_warning(key, self._deprecation_replacements[key]))

[2022-10-11 05:14:33,999] {warnings.py:110} WARNING - /home/***/.local/lib/python3.7/site-packages/***/utils/context.py:152: AirflowContextDeprecationWarning: Accessing 'next_ds' from the template is deprecated and will be removed in a future version. Please use '{{ data_interval_end | ds }}' instead.
  warnings.warn(_create_deprecation_warning(key, self._deprecation_replacements[key]))

[2022-10-11 05:14:33,999] {warnings.py:110} WARNING - /home/***/.local/lib/python3.7/site-packages/***/utils/context.py:152: AirflowContextDeprecationWarning: Accessing 'next_ds_nodash' from the template is deprecated and will be removed in a future version. Please use '{{ data_interval_end | ds_nodash }}' instead.
  warnings.warn(_create_deprecation_warning(key, self._deprecation_replacements[key]))

[2022-10-11 05:14:34,000] {warnings.py:110} WARNING - /home/***/.local/lib/python3.7/site-packages/***/utils/context.py:152: AirflowContextDeprecationWarning: Accessing 'next_execution_date' from the template is deprecated and will be removed in a future version. Please use 'data_interval_end' instead.
  warnings.warn(_create_deprecation_warning(key, self._deprecation_replacements[key]))

[2022-10-11 05:14:34,000] {warnings.py:110} WARNING - /home/***/.local/lib/python3.7/site-packages/***/utils/context.py:152: AirflowContextDeprecationWarning: Accessing 'prev_ds' from the template is deprecated and will be removed in a future version.
  warnings.warn(_create_deprecation_warning(key, self._deprecation_replacements[key]))

[2022-10-11 05:14:34,001] {warnings.py:110} WARNING - /home/***/.local/lib/python3.7/site-packages/***/utils/context.py:152: AirflowContextDeprecationWarning: Accessing 'prev_ds_nodash' from the template is deprecated and will be removed in a future version.
  warnings.warn(_create_deprecation_warning(key, self._deprecation_replacements[key]))

[2022-10-11 05:14:34,001] {warnings.py:110} WARNING - /home/***/.local/lib/python3.7/site-packages/***/utils/context.py:152: AirflowContextDeprecationWarning: Accessing 'prev_execution_date' from the template is deprecated and will be removed in a future version.
  warnings.warn(_create_deprecation_warning(key, self._deprecation_replacements[key]))

[2022-10-11 05:14:34,001] {warnings.py:110} WARNING - /home/***/.local/lib/python3.7/site-packages/***/utils/context.py:152: AirflowContextDeprecationWarning: Accessing 'prev_execution_date_success' from the template is deprecated and will be removed in a future version. Please use 'prev_data_interval_start_success' instead.
  warnings.warn(_create_deprecation_warning(key, self._deprecation_replacements[key]))

[2022-10-11 05:14:34,002] {warnings.py:110} WARNING - /home/***/.local/lib/python3.7/site-packages/***/utils/context.py:152: AirflowContextDeprecationWarning: Accessing 'tomorrow_ds' from the template is deprecated and will be removed in a future version.
  warnings.warn(_create_deprecation_warning(key, self._deprecation_replacements[key]))

[2022-10-11 05:14:34,002] {warnings.py:110} WARNING - /home/***/.local/lib/python3.7/site-packages/***/utils/context.py:152: AirflowContextDeprecationWarning: Accessing 'tomorrow_ds_nodash' from the template is deprecated and will be removed in a future version.
  warnings.warn(_create_deprecation_warning(key, self._deprecation_replacements[key]))

[2022-10-11 05:14:34,002] {warnings.py:110} WARNING - /home/***/.local/lib/python3.7/site-packages/***/utils/context.py:152: AirflowContextDeprecationWarning: Accessing 'yesterday_ds' from the template is deprecated and will be removed in a future version.
  warnings.warn(_create_deprecation_warning(key, self._deprecation_replacements[key]))

[2022-10-11 05:14:34,002] {warnings.py:110} WARNING - /home/***/.local/lib/python3.7/site-packages/***/utils/context.py:152: AirflowContextDeprecationWarning: Accessing 'yesterday_ds_nodash' from the template is deprecated and will be removed in a future version.
  warnings.warn(_create_deprecation_warning(key, self._deprecation_replacements[key]))

[2022-10-11 05:14:34,014] {crypto.py:82} WARNING - empty cryptography key - values will not be stored encrypted.
[2022-10-11 05:14:34,016] {python.py:175} INFO - Done. Returned value was: None
[2022-10-11 05:14:34,027] {taskinstance.py:1277} INFO - Marking task as SUCCESS. dag_id=AddGCPConnection, task_id=add_gcp_connection_python, execution_date=20200509T000000, start_date=20221011T051433, end_date=20221011T051434
[2022-10-11 05:14:34,048] {local_task_job.py:154} INFO - Task exited with return code 0
[2022-10-11 05:14:34,083] {local_task_job.py:264} INFO - 0 downstream tasks scheduled from follow-on schedule check
