[2022-10-11 06:06:21,600] {taskinstance.py:1032} INFO - Dependencies all met for <TaskInstance: weekly_batch.download_dataset_task manual__2022-10-11T06:06:19.344686+00:00 [queued]>
[2022-10-11 06:06:21,613] {taskinstance.py:1032} INFO - Dependencies all met for <TaskInstance: weekly_batch.download_dataset_task manual__2022-10-11T06:06:19.344686+00:00 [queued]>
[2022-10-11 06:06:21,615] {taskinstance.py:1238} INFO - 
--------------------------------------------------------------------------------
[2022-10-11 06:06:21,618] {taskinstance.py:1239} INFO - Starting attempt 1 of 2
[2022-10-11 06:06:21,619] {taskinstance.py:1240} INFO - 
--------------------------------------------------------------------------------
[2022-10-11 06:06:21,651] {taskinstance.py:1259} INFO - Executing <Task(BashOperator): download_dataset_task> on 2022-10-11 06:06:19.344686+00:00
[2022-10-11 06:06:21,667] {standard_task_runner.py:52} INFO - Started process 3011 to run task
[2022-10-11 06:06:21,671] {standard_task_runner.py:76} INFO - Running: ['***', 'tasks', 'run', 'weekly_batch', 'download_dataset_task', 'manual__2022-10-11T06:06:19.344686+00:00', '--job-id', '85', '--raw', '--subdir', 'DAGS_FOLDER/bank_weekly_ingest_dag.py', '--cfg-path', '/tmp/tmpb6k_xw69', '--error-file', '/tmp/tmpzzv0l1my']
[2022-10-11 06:06:21,674] {standard_task_runner.py:77} INFO - Job 85: Subtask download_dataset_task
[2022-10-11 06:06:21,758] {logging_mixin.py:109} INFO - Running <TaskInstance: weekly_batch.download_dataset_task manual__2022-10-11T06:06:19.344686+00:00 [running]> on host 6caab34727ce
[2022-10-11 06:06:21,849] {taskinstance.py:1426} INFO - Exporting the following env vars:
AIRFLOW_CTX_DAG_OWNER=***
AIRFLOW_CTX_DAG_ID=weekly_batch
AIRFLOW_CTX_TASK_ID=download_dataset_task
AIRFLOW_CTX_EXECUTION_DATE=2022-10-11T06:06:19.344686+00:00
AIRFLOW_CTX_DAG_RUN_ID=manual__2022-10-11T06:06:19.344686+00:00
[2022-10-11 06:06:21,852] {subprocess.py:62} INFO - Tmp dir root location: 
 /tmp
[2022-10-11 06:06:21,854] {subprocess.py:74} INFO - Running command: ['bash', '-c', 'curl -sSL https://storage.cloud.google.com/wfwijaya-fellowship/bank-additional-full.csv > /home/***//bank-additional-full.csv']
[2022-10-11 06:06:21,867] {subprocess.py:85} INFO - Output:
[2022-10-11 06:06:22,735] {subprocess.py:93} INFO - Command exited with return code 0
[2022-10-11 06:06:22,803] {taskinstance.py:1277} INFO - Marking task as SUCCESS. dag_id=weekly_batch, task_id=download_dataset_task, execution_date=20221011T060619, start_date=20221011T060621, end_date=20221011T060622
[2022-10-11 06:06:22,857] {local_task_job.py:154} INFO - Task exited with return code 0
[2022-10-11 06:06:22,894] {local_task_job.py:264} INFO - 1 downstream tasks scheduled from follow-on schedule check
