[2022-10-11 03:42:34,250] {taskinstance.py:1032} INFO - Dependencies all met for <TaskInstance: weekly_batch.download_dataset_task manual__2022-10-11T03:42:23.575519+00:00 [queued]>
[2022-10-11 03:42:34,267] {taskinstance.py:1032} INFO - Dependencies all met for <TaskInstance: weekly_batch.download_dataset_task manual__2022-10-11T03:42:23.575519+00:00 [queued]>
[2022-10-11 03:42:34,268] {taskinstance.py:1238} INFO - 
--------------------------------------------------------------------------------
[2022-10-11 03:42:34,268] {taskinstance.py:1239} INFO - Starting attempt 1 of 2
[2022-10-11 03:42:34,268] {taskinstance.py:1240} INFO - 
--------------------------------------------------------------------------------
[2022-10-11 03:42:34,287] {taskinstance.py:1259} INFO - Executing <Task(BashOperator): download_dataset_task> on 2022-10-11 03:42:23.575519+00:00
[2022-10-11 03:42:34,294] {standard_task_runner.py:52} INFO - Started process 139 to run task
[2022-10-11 03:42:34,296] {standard_task_runner.py:76} INFO - Running: ['***', 'tasks', 'run', 'weekly_batch', 'download_dataset_task', 'manual__2022-10-11T03:42:23.575519+00:00', '--job-id', '36', '--raw', '--subdir', 'DAGS_FOLDER/dataingestion_gcs_dag.py', '--cfg-path', '/tmp/tmp1cfvmaap', '--error-file', '/tmp/tmp4uvlsgxf']
[2022-10-11 03:42:34,297] {standard_task_runner.py:77} INFO - Job 36: Subtask download_dataset_task
[2022-10-11 03:42:34,357] {logging_mixin.py:109} INFO - Running <TaskInstance: weekly_batch.download_dataset_task manual__2022-10-11T03:42:23.575519+00:00 [running]> on host ac8c4bee3a5d
[2022-10-11 03:42:34,432] {taskinstance.py:1426} INFO - Exporting the following env vars:
AIRFLOW_CTX_DAG_OWNER=***
AIRFLOW_CTX_DAG_ID=weekly_batch
AIRFLOW_CTX_TASK_ID=download_dataset_task
AIRFLOW_CTX_EXECUTION_DATE=2022-10-11T03:42:23.575519+00:00
AIRFLOW_CTX_DAG_RUN_ID=manual__2022-10-11T03:42:23.575519+00:00
[2022-10-11 03:42:34,434] {subprocess.py:62} INFO - Tmp dir root location: 
 /tmp
[2022-10-11 03:42:34,436] {subprocess.py:74} INFO - Running command: ['bash', '-c', 'curl -sSL https://drive.google.com/file/d/1SXQI-ezkY3hPKcIDx7naMgByqAR-pmRL/view?usp=sharing > /opt/***//bank-additional-full.csv']
[2022-10-11 03:42:34,467] {subprocess.py:85} INFO - Output:
[2022-10-11 03:42:35,836] {subprocess.py:93} INFO - Command exited with return code 0
[2022-10-11 03:42:35,882] {taskinstance.py:1277} INFO - Marking task as SUCCESS. dag_id=weekly_batch, task_id=download_dataset_task, execution_date=20221011T034223, start_date=20221011T034234, end_date=20221011T034235
[2022-10-11 03:42:35,958] {local_task_job.py:154} INFO - Task exited with return code 0
[2022-10-11 03:42:36,023] {local_task_job.py:264} INFO - 1 downstream tasks scheduled from follow-on schedule check
