[2022-10-11 07:38:30,506] {taskinstance.py:1032} INFO - Dependencies all met for <TaskInstance: weekly_batch.download_dataset_task manual__2022-10-11T07:38:20.009732+00:00 [queued]>
[2022-10-11 07:38:30,528] {taskinstance.py:1032} INFO - Dependencies all met for <TaskInstance: weekly_batch.download_dataset_task manual__2022-10-11T07:38:20.009732+00:00 [queued]>
[2022-10-11 07:38:30,528] {taskinstance.py:1238} INFO - 
--------------------------------------------------------------------------------
[2022-10-11 07:38:30,529] {taskinstance.py:1239} INFO - Starting attempt 1 of 2
[2022-10-11 07:38:30,531] {taskinstance.py:1240} INFO - 
--------------------------------------------------------------------------------
[2022-10-11 07:38:30,552] {taskinstance.py:1259} INFO - Executing <Task(BashOperator): download_dataset_task> on 2022-10-11 07:38:20.009732+00:00
[2022-10-11 07:38:30,559] {standard_task_runner.py:52} INFO - Started process 516 to run task
[2022-10-11 07:38:30,562] {standard_task_runner.py:76} INFO - Running: ['***', 'tasks', 'run', 'weekly_batch', 'download_dataset_task', 'manual__2022-10-11T07:38:20.009732+00:00', '--job-id', '105', '--raw', '--subdir', 'DAGS_FOLDER/bank_weekly_ingest_dag.py', '--cfg-path', '/tmp/tmpkg69enqq', '--error-file', '/tmp/tmpd63ot5go']
[2022-10-11 07:38:30,567] {standard_task_runner.py:77} INFO - Job 105: Subtask download_dataset_task
[2022-10-11 07:38:30,650] {logging_mixin.py:109} INFO - Running <TaskInstance: weekly_batch.download_dataset_task manual__2022-10-11T07:38:20.009732+00:00 [running]> on host 57053c33f100
[2022-10-11 07:38:30,723] {taskinstance.py:1426} INFO - Exporting the following env vars:
AIRFLOW_CTX_DAG_OWNER=***
AIRFLOW_CTX_DAG_ID=weekly_batch
AIRFLOW_CTX_TASK_ID=download_dataset_task
AIRFLOW_CTX_EXECUTION_DATE=2022-10-11T07:38:20.009732+00:00
AIRFLOW_CTX_DAG_RUN_ID=manual__2022-10-11T07:38:20.009732+00:00
[2022-10-11 07:38:30,725] {subprocess.py:62} INFO - Tmp dir root location: 
 /tmp
[2022-10-11 07:38:30,726] {subprocess.py:74} INFO - Running command: ['bash', '-c', 'curl -sSL https://github.com/soldonmaybe/IYKRA/blob/main/bank-additional-full.csv > /home/***/bank-additional-full.csv']
[2022-10-11 07:38:30,750] {subprocess.py:85} INFO - Output:
[2022-10-11 07:38:31,957] {subprocess.py:93} INFO - Command exited with return code 0
[2022-10-11 07:38:32,278] {taskinstance.py:1277} INFO - Marking task as SUCCESS. dag_id=weekly_batch, task_id=download_dataset_task, execution_date=20221011T073820, start_date=20221011T073830, end_date=20221011T073832
[2022-10-11 07:38:32,405] {local_task_job.py:154} INFO - Task exited with return code 0
[2022-10-11 07:38:32,560] {local_task_job.py:264} INFO - 0 downstream tasks scheduled from follow-on schedule check
