[2022-10-11 07:38:37,151] {taskinstance.py:1032} INFO - Dependencies all met for <TaskInstance: weekly_batch.local_to_gcs_task manual__2022-10-11T07:38:20.009732+00:00 [queued]>
[2022-10-11 07:38:37,225] {taskinstance.py:1032} INFO - Dependencies all met for <TaskInstance: weekly_batch.local_to_gcs_task manual__2022-10-11T07:38:20.009732+00:00 [queued]>
[2022-10-11 07:38:37,235] {taskinstance.py:1238} INFO - 
--------------------------------------------------------------------------------
[2022-10-11 07:38:37,236] {taskinstance.py:1239} INFO - Starting attempt 1 of 2
[2022-10-11 07:38:37,237] {taskinstance.py:1240} INFO - 
--------------------------------------------------------------------------------
[2022-10-11 07:38:37,262] {taskinstance.py:1259} INFO - Executing <Task(PythonOperator): local_to_gcs_task> on 2022-10-11 07:38:20.009732+00:00
[2022-10-11 07:38:37,267] {standard_task_runner.py:52} INFO - Started process 526 to run task
[2022-10-11 07:38:37,270] {standard_task_runner.py:76} INFO - Running: ['***', 'tasks', 'run', 'weekly_batch', 'local_to_gcs_task', 'manual__2022-10-11T07:38:20.009732+00:00', '--job-id', '107', '--raw', '--subdir', 'DAGS_FOLDER/bank_weekly_ingest_dag.py', '--cfg-path', '/tmp/tmpvokx6hoz', '--error-file', '/tmp/tmpby95yqbx']
[2022-10-11 07:38:37,271] {standard_task_runner.py:77} INFO - Job 107: Subtask local_to_gcs_task
[2022-10-11 07:38:37,324] {logging_mixin.py:109} INFO - Running <TaskInstance: weekly_batch.local_to_gcs_task manual__2022-10-11T07:38:20.009732+00:00 [running]> on host 57053c33f100
[2022-10-11 07:38:37,387] {taskinstance.py:1426} INFO - Exporting the following env vars:
AIRFLOW_CTX_DAG_OWNER=***
AIRFLOW_CTX_DAG_ID=weekly_batch
AIRFLOW_CTX_TASK_ID=local_to_gcs_task
AIRFLOW_CTX_EXECUTION_DATE=2022-10-11T07:38:20.009732+00:00
AIRFLOW_CTX_DAG_RUN_ID=manual__2022-10-11T07:38:20.009732+00:00
[2022-10-11 07:38:39,105] {python.py:175} INFO - Done. Returned value was: None
[2022-10-11 07:38:42,078] {taskinstance.py:1277} INFO - Marking task as SUCCESS. dag_id=weekly_batch, task_id=local_to_gcs_task, execution_date=20221011T073820, start_date=20221011T073837, end_date=20221011T073842
[2022-10-11 07:38:42,131] {local_task_job.py:154} INFO - Task exited with return code 0
[2022-10-11 07:38:42,169] {local_task_job.py:264} INFO - 1 downstream tasks scheduled from follow-on schedule check
