[2022-10-11 05:01:46,413] {taskinstance.py:1032} INFO - Dependencies all met for <TaskInstance: AddGCPConnection.add_gcp_connection_python manual__2022-10-11T05:01:45.492307+00:00 [queued]>
[2022-10-11 05:01:46,428] {taskinstance.py:1032} INFO - Dependencies all met for <TaskInstance: AddGCPConnection.add_gcp_connection_python manual__2022-10-11T05:01:45.492307+00:00 [queued]>
[2022-10-11 05:01:46,428] {taskinstance.py:1238} INFO - 
--------------------------------------------------------------------------------
[2022-10-11 05:01:46,429] {taskinstance.py:1239} INFO - Starting attempt 1 of 4
[2022-10-11 05:01:46,429] {taskinstance.py:1240} INFO - 
--------------------------------------------------------------------------------
[2022-10-11 05:01:46,447] {taskinstance.py:1259} INFO - Executing <Task(PythonOperator): add_gcp_connection_python> on 2022-10-11 05:01:45.492307+00:00
[2022-10-11 05:01:46,453] {standard_task_runner.py:52} INFO - Started process 159 to run task
[2022-10-11 05:01:46,455] {standard_task_runner.py:76} INFO - Running: ['***', 'tasks', 'run', 'AddGCPConnection', 'add_gcp_connection_python', 'manual__2022-10-11T05:01:45.492307+00:00', '--job-id', '61', '--raw', '--subdir', 'DAGS_FOLDER/***_gcp_conn_dag.py', '--cfg-path', '/tmp/tmp2kb4s31k', '--error-file', '/tmp/tmp3moiyzlr']
[2022-10-11 05:01:46,461] {standard_task_runner.py:77} INFO - Job 61: Subtask add_gcp_connection_python
[2022-10-11 05:01:46,587] {logging_mixin.py:109} INFO - Running <TaskInstance: AddGCPConnection.add_gcp_connection_python manual__2022-10-11T05:01:45.492307+00:00 [running]> on host 6caab34727ce
[2022-10-11 05:01:46,854] {taskinstance.py:1426} INFO - Exporting the following env vars:
AIRFLOW_CTX_DAG_EMAIL=***@***.com
AIRFLOW_CTX_DAG_OWNER=***
AIRFLOW_CTX_DAG_ID=AddGCPConnection
AIRFLOW_CTX_TASK_ID=add_gcp_connection_python
AIRFLOW_CTX_EXECUTION_DATE=2022-10-11T05:01:45.492307+00:00
AIRFLOW_CTX_DAG_RUN_ID=manual__2022-10-11T05:01:45.492307+00:00
[2022-10-11 05:01:46,885] {warnings.py:110} WARNING - /home/***/.local/lib/python3.7/site-packages/***/utils/context.py:152: AirflowContextDeprecationWarning: Accessing 'execution_date' from the template is deprecated and will be removed in a future version. Please use 'data_interval_start' or 'logical_date' instead.
  warnings.warn(_create_deprecation_warning(key, self._deprecation_replacements[key]))

[2022-10-11 05:01:46,891] {warnings.py:110} WARNING - /home/***/.local/lib/python3.7/site-packages/***/utils/context.py:152: AirflowContextDeprecationWarning: Accessing 'next_ds' from the template is deprecated and will be removed in a future version. Please use '{{ data_interval_end | ds }}' instead.
  warnings.warn(_create_deprecation_warning(key, self._deprecation_replacements[key]))

[2022-10-11 05:01:46,895] {warnings.py:110} WARNING - /home/***/.local/lib/python3.7/site-packages/***/utils/context.py:152: AirflowContextDeprecationWarning: Accessing 'next_ds_nodash' from the template is deprecated and will be removed in a future version. Please use '{{ data_interval_end | ds_nodash }}' instead.
  warnings.warn(_create_deprecation_warning(key, self._deprecation_replacements[key]))

[2022-10-11 05:01:46,896] {warnings.py:110} WARNING - /home/***/.local/lib/python3.7/site-packages/***/utils/context.py:152: AirflowContextDeprecationWarning: Accessing 'next_execution_date' from the template is deprecated and will be removed in a future version. Please use 'data_interval_end' instead.
  warnings.warn(_create_deprecation_warning(key, self._deprecation_replacements[key]))

[2022-10-11 05:01:46,898] {warnings.py:110} WARNING - /home/***/.local/lib/python3.7/site-packages/***/utils/context.py:152: AirflowContextDeprecationWarning: Accessing 'prev_ds' from the template is deprecated and will be removed in a future version.
  warnings.warn(_create_deprecation_warning(key, self._deprecation_replacements[key]))

[2022-10-11 05:01:46,900] {warnings.py:110} WARNING - /home/***/.local/lib/python3.7/site-packages/***/utils/context.py:152: AirflowContextDeprecationWarning: Accessing 'prev_ds_nodash' from the template is deprecated and will be removed in a future version.
  warnings.warn(_create_deprecation_warning(key, self._deprecation_replacements[key]))

[2022-10-11 05:01:46,903] {warnings.py:110} WARNING - /home/***/.local/lib/python3.7/site-packages/***/utils/context.py:152: AirflowContextDeprecationWarning: Accessing 'prev_execution_date' from the template is deprecated and will be removed in a future version.
  warnings.warn(_create_deprecation_warning(key, self._deprecation_replacements[key]))

[2022-10-11 05:01:46,904] {warnings.py:110} WARNING - /home/***/.local/lib/python3.7/site-packages/***/utils/context.py:152: AirflowContextDeprecationWarning: Accessing 'prev_execution_date_success' from the template is deprecated and will be removed in a future version. Please use 'prev_data_interval_start_success' instead.
  warnings.warn(_create_deprecation_warning(key, self._deprecation_replacements[key]))

[2022-10-11 05:01:46,923] {warnings.py:110} WARNING - /home/***/.local/lib/python3.7/site-packages/***/utils/context.py:152: AirflowContextDeprecationWarning: Accessing 'tomorrow_ds' from the template is deprecated and will be removed in a future version.
  warnings.warn(_create_deprecation_warning(key, self._deprecation_replacements[key]))

[2022-10-11 05:01:46,935] {warnings.py:110} WARNING - /home/***/.local/lib/python3.7/site-packages/***/utils/context.py:152: AirflowContextDeprecationWarning: Accessing 'tomorrow_ds_nodash' from the template is deprecated and will be removed in a future version.
  warnings.warn(_create_deprecation_warning(key, self._deprecation_replacements[key]))

[2022-10-11 05:01:46,952] {warnings.py:110} WARNING - /home/***/.local/lib/python3.7/site-packages/***/utils/context.py:152: AirflowContextDeprecationWarning: Accessing 'yesterday_ds' from the template is deprecated and will be removed in a future version.
  warnings.warn(_create_deprecation_warning(key, self._deprecation_replacements[key]))

[2022-10-11 05:01:46,955] {warnings.py:110} WARNING - /home/***/.local/lib/python3.7/site-packages/***/utils/context.py:152: AirflowContextDeprecationWarning: Accessing 'yesterday_ds_nodash' from the template is deprecated and will be removed in a future version.
  warnings.warn(_create_deprecation_warning(key, self._deprecation_replacements[key]))

[2022-10-11 05:01:46,986] {crypto.py:82} WARNING - empty cryptography key - values will not be stored encrypted.
[2022-10-11 05:01:46,997] {python.py:175} INFO - Done. Returned value was: None
[2022-10-11 05:01:47,015] {taskinstance.py:1277} INFO - Marking task as SUCCESS. dag_id=AddGCPConnection, task_id=add_gcp_connection_python, execution_date=20221011T050145, start_date=20221011T050146, end_date=20221011T050147
[2022-10-11 05:01:47,038] {local_task_job.py:154} INFO - Task exited with return code 0
[2022-10-11 05:01:47,087] {local_task_job.py:264} INFO - 0 downstream tasks scheduled from follow-on schedule check
