[2022-10-10 08:01:05,633] {taskinstance.py:1032} INFO - Dependencies all met for <TaskInstance: weekly_batch.download_dataset_task manual__2022-10-10T08:01:00.396522+00:00 [queued]>
[2022-10-10 08:01:05,659] {taskinstance.py:1032} INFO - Dependencies all met for <TaskInstance: weekly_batch.download_dataset_task manual__2022-10-10T08:01:00.396522+00:00 [queued]>
[2022-10-10 08:01:05,661] {taskinstance.py:1238} INFO - 
--------------------------------------------------------------------------------
[2022-10-10 08:01:05,670] {taskinstance.py:1239} INFO - Starting attempt 1 of 2
[2022-10-10 08:01:05,671] {taskinstance.py:1240} INFO - 
--------------------------------------------------------------------------------
[2022-10-10 08:01:05,767] {taskinstance.py:1259} INFO - Executing <Task(BashOperator): download_dataset_task> on 2022-10-10 08:01:00.396522+00:00
[2022-10-10 08:01:05,801] {standard_task_runner.py:76} INFO - Running: ['***', 'tasks', 'run', 'weekly_batch', 'download_dataset_task', 'manual__2022-10-10T08:01:00.396522+00:00', '--job-id', '25', '--raw', '--subdir', 'DAGS_FOLDER/dataingestion_gcs_dag.py', '--cfg-path', '/tmp/tmpzqgircv4', '--error-file', '/tmp/tmpau1sm0c8']
[2022-10-10 08:01:05,803] {standard_task_runner.py:77} INFO - Job 25: Subtask download_dataset_task
[2022-10-10 08:01:05,776] {standard_task_runner.py:52} INFO - Started process 161 to run task
[2022-10-10 08:01:05,986] {logging_mixin.py:109} INFO - Running <TaskInstance: weekly_batch.download_dataset_task manual__2022-10-10T08:01:00.396522+00:00 [running]> on host 0224ae35d9a8
[2022-10-10 08:01:06,087] {taskinstance.py:1426} INFO - Exporting the following env vars:
AIRFLOW_CTX_DAG_OWNER=***
AIRFLOW_CTX_DAG_ID=weekly_batch
AIRFLOW_CTX_TASK_ID=download_dataset_task
AIRFLOW_CTX_EXECUTION_DATE=2022-10-10T08:01:00.396522+00:00
AIRFLOW_CTX_DAG_RUN_ID=manual__2022-10-10T08:01:00.396522+00:00
[2022-10-10 08:01:06,089] {subprocess.py:62} INFO - Tmp dir root location: 
 /tmp
[2022-10-10 08:01:06,091] {subprocess.py:74} INFO - Running command: ['bash', '-c', 'curl -sSL https://drive.google.com/file/d/1SXQI-ezkY3hPKcIDx7naMgByqAR-pmRL/view?usp=sharing > /opt/***//bank-additional-full.csv']
[2022-10-10 08:01:06,113] {subprocess.py:85} INFO - Output:
[2022-10-10 08:01:07,368] {subprocess.py:93} INFO - Command exited with return code 0
[2022-10-10 08:01:07,451] {taskinstance.py:1277} INFO - Marking task as SUCCESS. dag_id=weekly_batch, task_id=download_dataset_task, execution_date=20221010T080100, start_date=20221010T080105, end_date=20221010T080107
[2022-10-10 08:01:07,552] {local_task_job.py:154} INFO - Task exited with return code 0
[2022-10-10 08:01:07,633] {local_task_job.py:264} INFO - 1 downstream tasks scheduled from follow-on schedule check
