[2022-10-10 07:50:21,209] {taskinstance.py:1032} INFO - Dependencies all met for <TaskInstance: weekly_batch.download_dataset_task manual__2022-10-10T07:50:11.815129+00:00 [queued]>
[2022-10-10 07:50:21,224] {taskinstance.py:1032} INFO - Dependencies all met for <TaskInstance: weekly_batch.download_dataset_task manual__2022-10-10T07:50:11.815129+00:00 [queued]>
[2022-10-10 07:50:21,224] {taskinstance.py:1238} INFO - 
--------------------------------------------------------------------------------
[2022-10-10 07:50:21,225] {taskinstance.py:1239} INFO - Starting attempt 1 of 2
[2022-10-10 07:50:21,225] {taskinstance.py:1240} INFO - 
--------------------------------------------------------------------------------
[2022-10-10 07:50:21,240] {taskinstance.py:1259} INFO - Executing <Task(BashOperator): download_dataset_task> on 2022-10-10 07:50:11.815129+00:00
[2022-10-10 07:50:21,249] {standard_task_runner.py:52} INFO - Started process 104 to run task
[2022-10-10 07:50:21,251] {standard_task_runner.py:76} INFO - Running: ['***', 'tasks', 'run', 'weekly_batch', 'download_dataset_task', 'manual__2022-10-10T07:50:11.815129+00:00', '--job-id', '20', '--raw', '--subdir', 'DAGS_FOLDER/dataingestion_gcs_dag.py', '--cfg-path', '/tmp/tmpvf8frav6', '--error-file', '/tmp/tmphmetxh_q']
[2022-10-10 07:50:21,252] {standard_task_runner.py:77} INFO - Job 20: Subtask download_dataset_task
[2022-10-10 07:50:21,301] {logging_mixin.py:109} INFO - Running <TaskInstance: weekly_batch.download_dataset_task manual__2022-10-10T07:50:11.815129+00:00 [running]> on host 65321d9e1456
[2022-10-10 07:50:21,453] {taskinstance.py:1426} INFO - Exporting the following env vars:
AIRFLOW_CTX_DAG_OWNER=***
AIRFLOW_CTX_DAG_ID=weekly_batch
AIRFLOW_CTX_TASK_ID=download_dataset_task
AIRFLOW_CTX_EXECUTION_DATE=2022-10-10T07:50:11.815129+00:00
AIRFLOW_CTX_DAG_RUN_ID=manual__2022-10-10T07:50:11.815129+00:00
[2022-10-10 07:50:21,454] {subprocess.py:62} INFO - Tmp dir root location: 
 /tmp
[2022-10-10 07:50:21,457] {subprocess.py:74} INFO - Running command: ['bash', '-c', 'curl -sSL https://drive.google.com/file/d/1SXQI-ezkY3hPKcIDx7naMgByqAR-pmRL/view?usp=sharing > /opt/***//bank-additional-full.csv']
[2022-10-10 07:50:21,486] {subprocess.py:85} INFO - Output:
[2022-10-10 07:50:23,016] {subprocess.py:93} INFO - Command exited with return code 0
[2022-10-10 07:50:23,115] {taskinstance.py:1277} INFO - Marking task as SUCCESS. dag_id=weekly_batch, task_id=download_dataset_task, execution_date=20221010T075011, start_date=20221010T075021, end_date=20221010T075023
[2022-10-10 07:50:23,190] {local_task_job.py:154} INFO - Task exited with return code 0
[2022-10-10 07:50:23,272] {local_task_job.py:264} INFO - 1 downstream tasks scheduled from follow-on schedule check
