[2022-10-11 06:19:42,413] {taskinstance.py:1032} INFO - Dependencies all met for <TaskInstance: weekly_batch.download_dataset_task manual__2022-10-11T06:19:37.834644+00:00 [queued]>
[2022-10-11 06:19:42,428] {taskinstance.py:1032} INFO - Dependencies all met for <TaskInstance: weekly_batch.download_dataset_task manual__2022-10-11T06:19:37.834644+00:00 [queued]>
[2022-10-11 06:19:42,428] {taskinstance.py:1238} INFO - 
--------------------------------------------------------------------------------
[2022-10-11 06:19:42,429] {taskinstance.py:1239} INFO - Starting attempt 1 of 2
[2022-10-11 06:19:42,429] {taskinstance.py:1240} INFO - 
--------------------------------------------------------------------------------
[2022-10-11 06:19:42,445] {taskinstance.py:1259} INFO - Executing <Task(BashOperator): download_dataset_task> on 2022-10-11 06:19:37.834644+00:00
[2022-10-11 06:19:42,450] {standard_task_runner.py:52} INFO - Started process 3598 to run task
[2022-10-11 06:19:42,453] {standard_task_runner.py:76} INFO - Running: ['***', 'tasks', 'run', 'weekly_batch', 'download_dataset_task', 'manual__2022-10-11T06:19:37.834644+00:00', '--job-id', '89', '--raw', '--subdir', 'DAGS_FOLDER/bank_weekly_ingest_dag.py', '--cfg-path', '/tmp/tmprje_ipz7', '--error-file', '/tmp/tmp_40z2ipi']
[2022-10-11 06:19:42,454] {standard_task_runner.py:77} INFO - Job 89: Subtask download_dataset_task
[2022-10-11 06:19:42,502] {logging_mixin.py:109} INFO - Running <TaskInstance: weekly_batch.download_dataset_task manual__2022-10-11T06:19:37.834644+00:00 [running]> on host 6caab34727ce
[2022-10-11 06:19:42,556] {taskinstance.py:1426} INFO - Exporting the following env vars:
AIRFLOW_CTX_DAG_OWNER=***
AIRFLOW_CTX_DAG_ID=weekly_batch
AIRFLOW_CTX_TASK_ID=download_dataset_task
AIRFLOW_CTX_EXECUTION_DATE=2022-10-11T06:19:37.834644+00:00
AIRFLOW_CTX_DAG_RUN_ID=manual__2022-10-11T06:19:37.834644+00:00
[2022-10-11 06:19:42,557] {subprocess.py:62} INFO - Tmp dir root location: 
 /tmp
[2022-10-11 06:19:42,558] {subprocess.py:74} INFO - Running command: ['bash', '-c', 'curl -sSL https://drive.google.com/file/d/1SXQI-ezkY3hPKcIDx7naMgByqAR-pmRL/view?usp=sharing > /home/***//bank-additional-full.csv']
[2022-10-11 06:19:42,570] {subprocess.py:85} INFO - Output:
[2022-10-11 06:19:43,845] {subprocess.py:93} INFO - Command exited with return code 0
[2022-10-11 06:19:43,879] {taskinstance.py:1277} INFO - Marking task as SUCCESS. dag_id=weekly_batch, task_id=download_dataset_task, execution_date=20221011T061937, start_date=20221011T061942, end_date=20221011T061943
[2022-10-11 06:19:43,939] {local_task_job.py:154} INFO - Task exited with return code 0
[2022-10-11 06:19:44,063] {local_task_job.py:264} INFO - 0 downstream tasks scheduled from follow-on schedule check
