[2022-10-11 10:18:49,542] {taskinstance.py:1032} INFO - Dependencies all met for <TaskInstance: weekly_batch.GCStoBQ_task manual__2022-10-11T10:18:32.954432+00:00 [queued]>
[2022-10-11 10:18:49,555] {taskinstance.py:1032} INFO - Dependencies all met for <TaskInstance: weekly_batch.GCStoBQ_task manual__2022-10-11T10:18:32.954432+00:00 [queued]>
[2022-10-11 10:18:49,556] {taskinstance.py:1238} INFO - 
--------------------------------------------------------------------------------
[2022-10-11 10:18:49,556] {taskinstance.py:1239} INFO - Starting attempt 1 of 2
[2022-10-11 10:18:49,557] {taskinstance.py:1240} INFO - 
--------------------------------------------------------------------------------
[2022-10-11 10:18:49,571] {taskinstance.py:1259} INFO - Executing <Task(GCSToBigQueryOperator): GCStoBQ_task> on 2022-10-11 10:18:32.954432+00:00
[2022-10-11 10:18:49,576] {standard_task_runner.py:52} INFO - Started process 581 to run task
[2022-10-11 10:18:49,579] {standard_task_runner.py:76} INFO - Running: ['***', 'tasks', 'run', 'weekly_batch', 'GCStoBQ_task', 'manual__2022-10-11T10:18:32.954432+00:00', '--job-id', '128', '--raw', '--subdir', 'DAGS_FOLDER/bank_weekly_ingest_dag.py', '--cfg-path', '/tmp/tmp1gp3vd8f', '--error-file', '/tmp/tmppq9q5wo5']
[2022-10-11 10:18:49,580] {standard_task_runner.py:77} INFO - Job 128: Subtask GCStoBQ_task
[2022-10-11 10:18:49,633] {logging_mixin.py:109} INFO - Running <TaskInstance: weekly_batch.GCStoBQ_task manual__2022-10-11T10:18:32.954432+00:00 [running]> on host 57053c33f100
[2022-10-11 10:18:49,691] {taskinstance.py:1426} INFO - Exporting the following env vars:
AIRFLOW_CTX_DAG_OWNER=***
AIRFLOW_CTX_DAG_ID=weekly_batch
AIRFLOW_CTX_TASK_ID=GCStoBQ_task
AIRFLOW_CTX_EXECUTION_DATE=2022-10-11T10:18:32.954432+00:00
AIRFLOW_CTX_DAG_RUN_ID=manual__2022-10-11T10:18:32.954432+00:00
[2022-10-11 10:18:49,693] {warnings.py:110} WARNING - /home/***/.local/lib/python3.7/site-packages/***/providers/google/cloud/transfers/gcs_to_bigquery.py:261: DeprecationWarning: The bigquery_conn_id parameter has been deprecated. You should pass the gcp_conn_id parameter.
  impersonation_chain=self.impersonation_chain,

[2022-10-11 10:18:49,694] {crypto.py:82} WARNING - empty cryptography key - values will not be stored encrypted.
[2022-10-11 10:18:49,697] {warnings.py:110} WARNING - /home/***/.local/lib/python3.7/site-packages/***/providers/google/cloud/hooks/bigquery.py:141: DeprecationWarning: This method will be deprecated. Please use `BigQueryHook.get_client` method
  "This method will be deprecated. Please use `BigQueryHook.get_client` method", DeprecationWarning

[2022-10-11 10:18:50,814] {warnings.py:110} WARNING - /home/***/.local/lib/python3.7/site-packages/***/models/taskinstance.py:1511: DeprecationWarning: This method is deprecated. Please use `***.providers.google.cloud.hooks.bigquery.BigQueryHook.run_load`
  result = execute_callable(context=context)

[2022-10-11 10:18:50,815] {warnings.py:110} WARNING - /home/***/.local/lib/python3.7/site-packages/***/providers/google/cloud/hooks/bigquery.py:1772: DeprecationWarning: This method is deprecated. Please use `BigQueryHook.insert_job` method.
  "This method is deprecated. Please use `BigQueryHook.insert_job` method.", DeprecationWarning

[2022-10-11 10:18:50,816] {bigquery.py:1637} INFO - Inserting job ***_1665483530816302_646074561a5dc86cfada964546f0c848
[2022-10-11 10:18:56,037] {taskinstance.py:1277} INFO - Marking task as SUCCESS. dag_id=weekly_batch, task_id=GCStoBQ_task, execution_date=20221011T101832, start_date=20221011T101849, end_date=20221011T101856
[2022-10-11 10:18:56,095] {local_task_job.py:154} INFO - Task exited with return code 0
[2022-10-11 10:18:56,126] {local_task_job.py:264} INFO - 0 downstream tasks scheduled from follow-on schedule check
