[2022-10-11 06:26:14,892] {taskinstance.py:1032} INFO - Dependencies all met for <TaskInstance: weekly_batch.local_to_gcs_task manual__2022-10-11T06:26:03.608578+00:00 [queued]>
[2022-10-11 06:26:14,904] {taskinstance.py:1032} INFO - Dependencies all met for <TaskInstance: weekly_batch.local_to_gcs_task manual__2022-10-11T06:26:03.608578+00:00 [queued]>
[2022-10-11 06:26:14,905] {taskinstance.py:1238} INFO - 
--------------------------------------------------------------------------------
[2022-10-11 06:26:14,905] {taskinstance.py:1239} INFO - Starting attempt 1 of 2
[2022-10-11 06:26:14,906] {taskinstance.py:1240} INFO - 
--------------------------------------------------------------------------------
[2022-10-11 06:26:14,921] {taskinstance.py:1259} INFO - Executing <Task(PythonOperator): local_to_gcs_task> on 2022-10-11 06:26:03.608578+00:00
[2022-10-11 06:26:14,926] {standard_task_runner.py:52} INFO - Started process 3904 to run task
[2022-10-11 06:26:14,936] {standard_task_runner.py:76} INFO - Running: ['***', 'tasks', 'run', 'weekly_batch', 'local_to_gcs_task', 'manual__2022-10-11T06:26:03.608578+00:00', '--job-id', '96', '--raw', '--subdir', 'DAGS_FOLDER/bank_weekly_ingest_dag.py', '--cfg-path', '/tmp/tmpk_fw_99x', '--error-file', '/tmp/tmpuzbwkec8']
[2022-10-11 06:26:14,937] {standard_task_runner.py:77} INFO - Job 96: Subtask local_to_gcs_task
[2022-10-11 06:26:14,988] {logging_mixin.py:109} INFO - Running <TaskInstance: weekly_batch.local_to_gcs_task manual__2022-10-11T06:26:03.608578+00:00 [running]> on host 6caab34727ce
[2022-10-11 06:26:15,045] {taskinstance.py:1426} INFO - Exporting the following env vars:
AIRFLOW_CTX_DAG_OWNER=***
AIRFLOW_CTX_DAG_ID=weekly_batch
AIRFLOW_CTX_TASK_ID=local_to_gcs_task
AIRFLOW_CTX_EXECUTION_DATE=2022-10-11T06:26:03.608578+00:00
AIRFLOW_CTX_DAG_RUN_ID=manual__2022-10-11T06:26:03.608578+00:00
[2022-10-11 06:26:16,849] {python.py:175} INFO - Done. Returned value was: None
[2022-10-11 06:26:16,869] {taskinstance.py:1277} INFO - Marking task as SUCCESS. dag_id=weekly_batch, task_id=local_to_gcs_task, execution_date=20221011T062603, start_date=20221011T062614, end_date=20221011T062616
[2022-10-11 06:26:16,933] {local_task_job.py:154} INFO - Task exited with return code 0
[2022-10-11 06:26:17,030] {local_task_job.py:264} INFO - 0 downstream tasks scheduled from follow-on schedule check
